  GalaxianCyan.cpp
C:\Users\Usuario\Desktop\galaxian\galaxian-clone\GalaxianCyan.cpp(20,16): warning C4305: '+=': truncation from 'double' to 'float'
  Game.cpp
C:\Users\Usuario\Desktop\galaxian\galaxian-clone\Game.cpp(28,31): warning C4244: 'argument': conversion from 'int' to 'float', possible loss of data
C:\Users\Usuario\Desktop\galaxian\galaxian-clone\FilesManager.h(49,14): warning C4267: 'initializing': conversion from 'size_t' to 'int', possible loss of data
  (compiling source file 'Game.cpp')
  C:\Users\Usuario\Desktop\galaxian\galaxian-clone\FilesManager.h(49,14):
  the template instantiation context (the oldest one first) is
  	C:\Users\Usuario\Desktop\galaxian\galaxian-clone\Game.cpp(50,12):
  	see reference to class template instantiation 'FilesManager<Score>' being compiled
  	C:\Users\Usuario\Desktop\galaxian\galaxian-clone\FilesManager.h(44,1):
  	while compiling class template member function 'bool FilesManager<Score>::write(T)'
          with
          [
              T=Score
          ]
  		C:\Users\Usuario\Desktop\galaxian\galaxian-clone\Game.cpp(197,19):
  		see the first reference to 'FilesManager<Score>::write' in 'Game::update'
  
  Grid.cpp
C:\Users\Usuario\Desktop\galaxian\galaxian-clone\Grid.cpp(13,12): warning C4244: 'argument': conversion from 'time_t' to 'unsigned int', possible loss of data
  main.cpp
  Generating Code...
  galaxian-clone.vcxproj -> C:\Users\Usuario\Desktop\galaxian\galaxian-clone\x64\Debug\galaxian-clone.exe
